Build started 3/4/2012 9:38:24 PM.
     1>Project "C:\Users\Brian\Documents\cinder projects\FinalWanderer\vc10\FinalWanderer.vcxproj" on node 2 (build target(s)).
     1>InitializeBuildStatus:
         Creating "Debug\FinalWanderer.unsuccessfulbuild" because "AlwaysCreate" was specified.
       ClCompile:
         C:\Program Files (x86)\Microsoft Visual Studio 10.0\VC\bin\CL.exe /c /I..\include /I..\..\..\cinder\include /I..\..\..\cinder\boost /I..\..\..\cinder\blocks\opencv\include /ZI /nologo /W3 /WX- /Od /Oy- /D NOMINMAX /D WIN32 /D _DEBUG /D _WINDOWS /D _UNICODE /D UNICODE /D _UNICODE /D UNICODE /Gm /EHsc /RTC1 /MTd /GS /fp:precise /Zc:wchar_t /Zc:forScope /Fo"Debug\\" /Fd"Debug\vc100.pdb" /Gd /TP /analyze- /errorReport:prompt ..\src\Food.cpp
         Food.cpp
       ManifestResourceCompile:
         All outputs are up-to-date.
       Link:
         C:\Program Files (x86)\Microsoft Visual Studio 10.0\VC\bin\link.exe /ERRORREPORT:PROMPT /OUT:"C:\Users\Brian\Documents\cinder projects\FinalWanderer\vc10\Debug\FinalWanderer.exe" /INCREMENTAL /NOLOGO /LIBPATH:..\..\..\cinder\blocks\opencv\lib\vc10 /LIBPATH:..\..\..\cinder\lib /LIBPATH:..\..\..\cinder\lib\msw cinder_d.lib opencv_core230d.lib opencv_imgproc230d.lib opencv_objdetect230d.lib kernel32.lib user32.lib gdi32.lib winspool.lib comdlg32.lib advapi32.lib shell32.lib ole32.lib oleaut32.lib uuid.lib odbc32.lib odbccp32.lib kernel32.lib user32.lib gdi32.lib winspool.lib comdlg32.lib advapi32.lib shell32.lib ole32.lib oleaut32.lib uuid.lib odbc32.lib odbccp32.lib kernel32.lib user32.lib gdi32.lib winspool.lib comdlg32.lib advapi32.lib shell32.lib ole32.lib oleaut32.lib uuid.lib odbc32.lib odbccp32.lib /NODEFAULTLIB:LIBCMT /MANIFEST /ManifestFile:"Debug\FinalWanderer.exe.intermediate.manifest" /MANIFESTUAC:"level='asInvoker' uiAccess='false'" /DEBUG /PDB:"C:\Users\Brian\Documents\cinder projects\FinalWanderer\vc10\Debug\FinalWanderer.pdb" /SUBSYSTEM:WINDOWS /TLBID:1 /DYNAMICBASE /NXCOMPAT:NO /IMPLIB:"C:\Users\Brian\Documents\cinder projects\FinalWanderer\vc10\Debug\FinalWanderer.lib" /MACHINE:X86 Debug\FinalWanderer.exe.embed.manifest.res
         Debug\Environment.obj
         Debug\Food.obj
         Debug\LSystem.obj
         Debug\Wanderer.obj
         Debug\WandererApp.obj
         Debug\WandererFoot.obj
     1>cinder_d.lib(Area.obj) : warning LNK4204: 'C:\Users\Brian\Documents\cinder projects\FinalWanderer\vc10\Debug\vc100.pdb' is missing debugging information for referencing module; linking object as if no debug info
     1>cinder_d.lib(AxisAlignedBox.obj) : warning LNK4204: 'C:\Users\Brian\Documents\cinder projects\FinalWanderer\vc10\Debug\vc100.pdb' is missing debugging information for referencing module; linking object as if no debug info
     1>cinder_d.lib(BSpline.obj) : warning LNK4204: 'C:\Users\Brian\Documents\cinder projects\FinalWanderer\vc10\Debug\vc100.pdb' is missing debugging information for referencing module; linking object as if no debug info
     1>cinder_d.lib(Buffer.obj) : warning LNK4204: 'C:\Users\Brian\Documents\cinder projects\FinalWanderer\vc10\Debug\vc100.pdb' is missing debugging information for referencing module; linking object as if no debug info
     1>cinder_d.lib(Camera.obj) : warning LNK4204: 'C:\Users\Brian\Documents\cinder projects\FinalWanderer\vc10\Debug\vc100.pdb' is missing debugging information for referencing module; linking object as if no debug info
     1>cinder_d.lib(Capture.obj) : warning LNK4204: 'C:\Users\Brian\Documents\cinder projects\FinalWanderer\vc10\Debug\vc100.pdb' is missing debugging information for referencing module; linking object as if no debug info
     1>cinder_d.lib(CaptureImplDirectShow.obj) : warning LNK4204: 'C:\Users\Brian\Documents\cinder projects\FinalWanderer\vc10\Debug\vc100.pdb' is missing debugging information for referencing module; linking object as if no debug info
     1>cinder_d.lib(Channel.obj) : warning LNK4204: 'C:\Users\Brian\Documents\cinder projects\FinalWanderer\vc10\Debug\vc100.pdb' is missing debugging information for referencing module; linking object as if no debug info
     1>cinder_d.lib(DataSource.obj) : warning LNK4204: 'C:\Users\Brian\Documents\cinder projects\FinalWanderer\vc10\Debug\vc100.pdb' is missing debugging information for referencing module; linking object as if no debug info
     1>cinder_d.lib(DataTarget.obj) : warning LNK4204: 'C:\Users\Brian\Documents\cinder projects\FinalWanderer\vc10\Debug\vc100.pdb' is missing debugging information for referencing module; linking object as if no debug info
     1>cinder_d.lib(Display.obj) : warning LNK4204: 'C:\Users\Brian\Documents\cinder projects\FinalWanderer\vc10\Debug\vc100.pdb' is missing debugging information for referencing module; linking object as if no debug info
     1>cinder_d.lib(Exception.obj) : warning LNK4204: 'C:\Users\Brian\Documents\cinder projects\FinalWanderer\vc10\Debug\vc100.pdb' is missing debugging information for referencing module; linking object as if no debug info
     1>cinder_d.lib(Font.obj) : warning LNK4204: 'C:\Users\Brian\Documents\cinder projects\FinalWanderer\vc10\Debug\vc100.pdb' is missing debugging information for referencing module; linking object as if no debug info
     1>cinder_d.lib(ImageIo.obj) : warning LNK4204: 'C:\Users\Brian\Documents\cinder projects\FinalWanderer\vc10\Debug\vc100.pdb' is missing debugging information for referencing module; linking object as if no debug info
     1>cinder_d.lib(ImageSourceFileWic.obj) : warning LNK4204: 'C:\Users\Brian\Documents\cinder projects\FinalWanderer\vc10\Debug\vc100.pdb' is missing debugging information for referencing module; linking object as if no debug info
     1>cinder_d.lib(ImageTargetFileWic.obj) : warning LNK4204: 'C:\Users\Brian\Documents\cinder projects\FinalWanderer\vc10\Debug\vc100.pdb' is missing debugging information for referencing module; linking object as if no debug info
     1>cinder_d.lib(CinderMath.obj) : warning LNK4204: 'C:\Users\Brian\Documents\cinder projects\FinalWanderer\vc10\Debug\vc100.pdb' is missing debugging information for referencing module; linking object as if no debug info
     1>cinder_d.lib(Path2D.obj) : warning LNK4204: 'C:\Users\Brian\Documents\cinder projects\FinalWanderer\vc10\Debug\vc100.pdb' is missing debugging information for referencing module; linking object as if no debug info
     1>cinder_d.lib(Perlin.obj) : warning LNK4204: 'C:\Users\Brian\Documents\cinder projects\FinalWanderer\vc10\Debug\vc100.pdb' is missing debugging information for referencing module; linking object as if no debug info
     1>cinder_d.lib(Rand.obj) : warning LNK4204: 'C:\Users\Brian\Documents\cinder projects\FinalWanderer\vc10\Debug\vc100.pdb' is missing debugging information for referencing module; linking object as if no debug info
     1>cinder_d.lib(Ray.obj) : warning LNK4204: 'C:\Users\Brian\Documents\cinder projects\FinalWanderer\vc10\Debug\vc100.pdb' is missing debugging information for referencing module; linking object as if no debug info
     1>cinder_d.lib(Rect.obj) : warning LNK4204: 'C:\Users\Brian\Documents\cinder projects\FinalWanderer\vc10\Debug\vc100.pdb' is missing debugging information for referencing module; linking object as if no debug info
     1>cinder_d.lib(Shape2d.obj) : warning LNK4204: 'C:\Users\Brian\Documents\cinder projects\FinalWanderer\vc10\Debug\vc100.pdb' is missing debugging information for referencing module; linking object as if no debug info
     1>cinder_d.lib(Stream.obj) : warning LNK4204: 'C:\Users\Brian\Documents\cinder projects\FinalWanderer\vc10\Debug\vc100.pdb' is missing debugging information for referencing module; linking object as if no debug info
     1>cinder_d.lib(Surface.obj) : warning LNK4204: 'C:\Users\Brian\Documents\cinder projects\FinalWanderer\vc10\Debug\vc100.pdb' is missing debugging information for referencing module; linking object as if no debug info
     1>cinder_d.lib(Text.obj) : warning LNK4204: 'C:\Users\Brian\Documents\cinder projects\FinalWanderer\vc10\Debug\vc100.pdb' is missing debugging information for referencing module; linking object as if no debug info
     1>cinder_d.lib(Timer.obj) : warning LNK4204: 'C:\Users\Brian\Documents\cinder projects\FinalWanderer\vc10\Debug\vc100.pdb' is missing debugging information for referencing module; linking object as if no debug info
     1>cinder_d.lib(Triangulate.obj) : warning LNK4204: 'C:\Users\Brian\Documents\cinder projects\FinalWanderer\vc10\Debug\vc100.pdb' is missing debugging information for referencing module; linking object as if no debug info
     1>cinder_d.lib(TriMesh.obj) : warning LNK4204: 'C:\Users\Brian\Documents\cinder projects\FinalWanderer\vc10\Debug\vc100.pdb' is missing debugging information for referencing module; linking object as if no debug info
     1>cinder_d.lib(Url.obj) : warning LNK4204: 'C:\Users\Brian\Documents\cinder projects\FinalWanderer\vc10\Debug\vc100.pdb' is missing debugging information for referencing module; linking object as if no debug info
     1>cinder_d.lib(UrlImplWinInet.obj) : warning LNK4204: 'C:\Users\Brian\Documents\cinder projects\FinalWanderer\vc10\Debug\vc100.pdb' is missing debugging information for referencing module; linking object as if no debug info
     1>cinder_d.lib(Utilities.obj) : warning LNK4204: 'C:\Users\Brian\Documents\cinder projects\FinalWanderer\vc10\Debug\vc100.pdb' is missing debugging information for referencing module; linking object as if no debug info
     1>cinder_d.lib(App.obj) : warning LNK4204: 'C:\Users\Brian\Documents\cinder projects\FinalWanderer\vc10\Debug\vc100.pdb' is missing debugging information for referencing module; linking object as if no debug info
     1>cinder_d.lib(AppBasic.obj) : warning LNK4204: 'C:\Users\Brian\Documents\cinder projects\FinalWanderer\vc10\Debug\vc100.pdb' is missing debugging information for referencing module; linking object as if no debug info
     1>cinder_d.lib(AppImplMsw.obj) : warning LNK4204: 'C:\Users\Brian\Documents\cinder projects\FinalWanderer\vc10\Debug\vc100.pdb' is missing debugging information for referencing module; linking object as if no debug info
     1>cinder_d.lib(AppImplMswBasic.obj) : warning LNK4204: 'C:\Users\Brian\Documents\cinder projects\FinalWanderer\vc10\Debug\vc100.pdb' is missing debugging information for referencing module; linking object as if no debug info
     1>cinder_d.lib(AppImplMswRendererGdi.obj) : warning LNK4204: 'C:\Users\Brian\Documents\cinder projects\FinalWanderer\vc10\Debug\vc100.pdb' is missing debugging information for referencing module; linking object as if no debug info
     1>cinder_d.lib(AppImplMswRendererGl.obj) : warning LNK4204: 'C:\Users\Brian\Documents\cinder projects\FinalWanderer\vc10\Debug\vc100.pdb' is missing debugging information for referencing module; linking object as if no debug info
     1>cinder_d.lib(KeyEvent.obj) : warning LNK4204: 'C:\Users\Brian\Documents\cinder projects\FinalWanderer\vc10\Debug\vc100.pdb' is missing debugging information for referencing module; linking object as if no debug info
     1>cinder_d.lib(Renderer.obj) : warning LNK4204: 'C:\Users\Brian\Documents\cinder projects\FinalWanderer\vc10\Debug\vc100.pdb' is missing debugging information for referencing module; linking object as if no debug info
     1>cinder_d.lib(gl.obj) : warning LNK4204: 'C:\Users\Brian\Documents\cinder projects\FinalWanderer\vc10\Debug\vc100.pdb' is missing debugging information for referencing module; linking object as if no debug info
     1>cinder_d.lib(GLee.obj) : warning LNK4204: 'C:\Users\Brian\Documents\cinder projects\FinalWanderer\vc10\Debug\vc100.pdb' is missing debugging information for referencing module; linking object as if no debug info
     1>cinder_d.lib(Texture.obj) : warning LNK4204: 'C:\Users\Brian\Documents\cinder projects\FinalWanderer\vc10\Debug\vc100.pdb' is missing debugging information for referencing module; linking object as if no debug info
     1>cinder_d.lib(VBO.obj) : warning LNK4204: 'C:\Users\Brian\Documents\cinder projects\FinalWanderer\vc10\Debug\vc100.pdb' is missing debugging information for referencing module; linking object as if no debug info
     1>cinder_d.lib(Fill.obj) : warning LNK4204: 'C:\Users\Brian\Documents\cinder projects\FinalWanderer\vc10\Debug\vc100.pdb' is missing debugging information for referencing module; linking object as if no debug info
     1>cinder_d.lib(Flip.obj) : warning LNK4204: 'C:\Users\Brian\Documents\cinder projects\FinalWanderer\vc10\Debug\vc100.pdb' is missing debugging information for referencing module; linking object as if no debug info
     1>cinder_d.lib(CinderMsw.obj) : warning LNK4204: 'C:\Users\Brian\Documents\cinder projects\FinalWanderer\vc10\Debug\vc100.pdb' is missing debugging information for referencing module; linking object as if no debug info
     1>cinder_d.lib(CinderMswGdiPlus.obj) : warning LNK4204: 'C:\Users\Brian\Documents\cinder projects\FinalWanderer\vc10\Debug\vc100.pdb' is missing debugging information for referencing module; linking object as if no debug info
     1>cinder_d.lib(StackWalker.obj) : warning LNK4204: 'C:\Users\Brian\Documents\cinder projects\FinalWanderer\vc10\Debug\vc100.pdb' is missing debugging information for referencing module; linking object as if no debug info
     1>cinder_d.lib(bucketalloc.obj) : warning LNK4204: 'C:\Users\Brian\Documents\cinder projects\FinalWanderer\vc10\Debug\vc100.pdb' is missing debugging information for referencing module; linking object as if no debug info
     1>cinder_d.lib(dict.obj) : warning LNK4204: 'C:\Users\Brian\Documents\cinder projects\FinalWanderer\vc10\Debug\vc100.pdb' is missing debugging information for referencing module; linking object as if no debug info
     1>cinder_d.lib(geom.obj) : warning LNK4204: 'C:\Users\Brian\Documents\cinder projects\FinalWanderer\vc10\Debug\vc100.pdb' is missing debugging information for referencing module; linking object as if no debug info
     1>cinder_d.lib(mesh.obj) : warning LNK4204: 'C:\Users\Brian\Documents\cinder projects\FinalWanderer\vc10\Debug\vc100.pdb' is missing debugging information for referencing module; linking object as if no debug info
     1>cinder_d.lib(priorityq.obj) : warning LNK4204: 'C:\Users\Brian\Documents\cinder projects\FinalWanderer\vc10\Debug\vc100.pdb' is missing debugging information for referencing module; linking object as if no debug info
     1>cinder_d.lib(sweep.obj) : warning LNK4204: 'C:\Users\Brian\Documents\cinder projects\FinalWanderer\vc10\Debug\vc100.pdb' is missing debugging information for referencing module; linking object as if no debug info
     1>cinder_d.lib(tess.obj) : warning LNK4204: 'C:\Users\Brian\Documents\cinder projects\FinalWanderer\vc10\Debug\vc100.pdb' is missing debugging information for referencing module; linking object as if no debug info
     1>cinder_d.lib(videoInput.obj) : warning LNK4204: 'C:\Users\Brian\Documents\cinder projects\FinalWanderer\vc10\Debug\vc100.pdb' is missing debugging information for referencing module; linking object as if no debug info
     1>cinder_d.lib(zutil.obj) : warning LNK4204: 'C:\Users\Brian\Documents\cinder projects\FinalWanderer\vc10\Debug\vc100.pdb' is missing debugging information for referencing module; linking object as if no debug info
     1>cinder_d.lib(trees.obj) : warning LNK4204: 'C:\Users\Brian\Documents\cinder projects\FinalWanderer\vc10\Debug\vc100.pdb' is missing debugging information for referencing module; linking object as if no debug info
     1>cinder_d.lib(inftrees.obj) : warning LNK4204: 'C:\Users\Brian\Documents\cinder projects\FinalWanderer\vc10\Debug\vc100.pdb' is missing debugging information for referencing module; linking object as if no debug info
     1>cinder_d.lib(inflate.obj) : warning LNK4204: 'C:\Users\Brian\Documents\cinder projects\FinalWanderer\vc10\Debug\vc100.pdb' is missing debugging information for referencing module; linking object as if no debug info
     1>cinder_d.lib(inffast.obj) : warning LNK4204: 'C:\Users\Brian\Documents\cinder projects\FinalWanderer\vc10\Debug\vc100.pdb' is missing debugging information for referencing module; linking object as if no debug info
     1>cinder_d.lib(gzio.obj) : warning LNK4204: 'C:\Users\Brian\Documents\cinder projects\FinalWanderer\vc10\Debug\vc100.pdb' is missing debugging information for referencing module; linking object as if no debug info
     1>cinder_d.lib(deflate.obj) : warning LNK4204: 'C:\Users\Brian\Documents\cinder projects\FinalWanderer\vc10\Debug\vc100.pdb' is missing debugging information for referencing module; linking object as if no debug info
     1>cinder_d.lib(crc32.obj) : warning LNK4204: 'C:\Users\Brian\Documents\cinder projects\FinalWanderer\vc10\Debug\vc100.pdb' is missing debugging information for referencing module; linking object as if no debug info
     1>cinder_d.lib(compress.obj) : warning LNK4204: 'C:\Users\Brian\Documents\cinder projects\FinalWanderer\vc10\Debug\vc100.pdb' is missing debugging information for referencing module; linking object as if no debug info
     1>cinder_d.lib(adler32.obj) : warning LNK4204: 'C:\Users\Brian\Documents\cinder projects\FinalWanderer\vc10\Debug\vc100.pdb' is missing debugging information for referencing module; linking object as if no debug info
       Manifest:
         C:\Program Files (x86)\Microsoft SDKs\Windows\v7.0A\bin\mt.exe /nologo /verbose /out:"Debug\FinalWanderer.exe.embed.manifest" /manifest Debug\FinalWanderer.exe.intermediate.manifest
         All outputs are up-to-date.
       LinkEmbedManifest:
         All outputs are up-to-date.
         FinalWanderer.vcxproj -> C:\Users\Brian\Documents\cinder projects\FinalWanderer\vc10\Debug\FinalWanderer.exe
       FinalizeBuildStatus:
         Deleting file "Debug\FinalWanderer.unsuccessfulbuild".
         Touching "Debug\FinalWanderer.lastbuildstate".
     1>Done Building Project "C:\Users\Brian\Documents\cinder projects\FinalWanderer\vc10\FinalWanderer.vcxproj" (build target(s)).

Build succeeded.

Time Elapsed 00:00:04.84
